<!DOCTYPE suite SYSTEM "https://testng.org/testng-1.0.dtd" >

<suite name="AutomationFrameworkB10" verbose="1" parallel="true">
    <listeners>
        <listener class-name="com.woc.listener.ExtentReportListener"></listener>
        <listener class-name="com.woc.listener.CountListener"></listener>
    </listeners>
    <test name="REST API Testing" >
        <classes>
            <class name="com.woc.api.UserTest" />
            <class name="com.woc.api.MultipleUserDataTest"></class>
            <class name="com.woc.json.test.EmployeeDataJSONTest"></class>
        </classes>
    </test>

    <test name="Asset Management Web Project test" >
        <classes>
            <class name="com.woc.selenium.am.test.LoginPageTest" />
            <class name="com.woc.selenium.am.test.UserRegistrationPageTest" />
        </classes>
    </test>

    <test name="Google Search Test">
        <classes>
            <class name="com.woc.selenium.gs.test.GoogleSearchTestWithSingleInput"></class>
            <class name="com.woc.selenium.gs.test.GoogleSearchDataDrivenTesting"></class>
        </classes>
    </test>

</suite>
